c:\users\nick\desktop\c++ projects\game307_studenttemplate\game307_studenttemplate\debug\vc143.pdb
c:\users\nick\desktop\c++ projects\game307_studenttemplate\game307_studenttemplate\debug\vc143.idb
c:\users\nick\desktop\c++ projects\game307_studenttemplate\game307_studenttemplate\debug\kinematicbody.obj
c:\users\nick\desktop\c++ projects\game307_studenttemplate\game307_studenttemplate\debug\steeringbehaviour.obj
c:\users\nick\desktop\c++ projects\game307_studenttemplate\game307_studenttemplate\debug\staticbody.obj
c:\users\nick\desktop\c++ projects\game307_studenttemplate\game307_studenttemplate\debug\seek.obj
c:\users\nick\desktop\c++ projects\game307_studenttemplate\game307_studenttemplate\debug\scene2.obj
c:\users\nick\desktop\c++ projects\game307_studenttemplate\game307_studenttemplate\debug\scene1.obj
c:\users\nick\desktop\c++ projects\game307_studenttemplate\game307_studenttemplate\debug\playerbody.obj
c:\users\nick\desktop\c++ projects\game307_studenttemplate\game307_studenttemplate\debug\node.obj
c:\users\nick\desktop\c++ projects\game307_studenttemplate\game307_studenttemplate\debug\mmath.obj
c:\users\nick\desktop\c++ projects\game307_studenttemplate\game307_studenttemplate\debug\main.obj
c:\users\nick\desktop\c++ projects\game307_studenttemplate\game307_studenttemplate\debug\kinematicwander.obj
c:\users\nick\desktop\c++ projects\game307_studenttemplate\game307_studenttemplate\debug\kinematicsteeringoutput.obj
c:\users\nick\desktop\c++ projects\game307_studenttemplate\game307_studenttemplate\debug\kinematicseek.obj
c:\users\nick\desktop\c++ projects\game307_studenttemplate\game307_studenttemplate\debug\kinematicarrive.obj
c:\users\nick\desktop\c++ projects\game307_studenttemplate\game307_studenttemplate\debug\graph.obj
c:\users\nick\desktop\c++ projects\game307_studenttemplate\game307_studenttemplate\debug\gamemanager.obj
c:\users\nick\desktop\c++ projects\game307_studenttemplate\game307_studenttemplate\debug\flee.obj
c:\users\nick\desktop\c++ projects\game307_studenttemplate\game307_studenttemplate\debug\character.obj
c:\users\nick\desktop\c++ projects\game307_studenttemplate\game307_studenttemplate\debug\body.obj
c:\users\nick\desktop\c++ projects\game307_studenttemplate\game307_studenttemplate\debug\arrive.obj
c:\users\nick\desktop\c++ projects\game307_studenttemplate\game307_studenttemplate\debug\window.obj
c:\users\nick\desktop\c++ projects\game307_studenttemplate\game307_studenttemplate\debug\vmath.obj
c:\users\nick\desktop\c++ projects\game307_studenttemplate\game307_studenttemplate\debug\timer.obj
c:\users\nick\desktop\c++ projects\game307_studenttemplate\game307_studenttemplate\debug\tile.obj
c:\users\nick\desktop\c++ projects\game307_studenttemplate\game307_studenttemplate\debug\steeringoutput.obj
c:\users\nick\desktop\c++ projects\game307_studenttemplate\game307_studenttemplate\debug\decision.obj
c:\users\nick\desktop\c++ projects\game307_studenttemplate\game307_studenttemplate\debug\action.obj
c:\users\nick\desktop\c++ projects\game307_studenttemplate\game307_studenttemplate\debug\playerinrangedecision.obj
c:\users\nick\desktop\c++ projects\game307_studenttemplate\debug\game307_studenttemplate.exe
c:\users\nick\desktop\c++ projects\game307_studenttemplate\game307_studenttemplate\debug\game307_studenttemplate.ilk
c:\users\nick\desktop\c++ projects\game307_studenttemplate\debug\game307_studenttemplate.pdb
c:\users\nick\documents\github\aicode\game307_studenttemplate\debug\action.obj
c:\users\nick\documents\github\aicode\game307_studenttemplate\debug\arrive.obj
c:\users\nick\documents\github\aicode\game307_studenttemplate\debug\body.obj
c:\users\nick\documents\github\aicode\game307_studenttemplate\debug\character.obj
c:\users\nick\documents\github\aicode\game307_studenttemplate\debug\decision.obj
c:\users\nick\documents\github\aicode\game307_studenttemplate\debug\flee.obj
c:\users\nick\documents\github\aicode\game307_studenttemplate\debug\gamemanager.obj
c:\users\nick\documents\github\aicode\game307_studenttemplate\debug\graph.obj
c:\users\nick\documents\github\aicode\game307_studenttemplate\debug\kinematicarrive.obj
c:\users\nick\documents\github\aicode\game307_studenttemplate\debug\kinematicbody.obj
c:\users\nick\documents\github\aicode\game307_studenttemplate\debug\kinematicseek.obj
c:\users\nick\documents\github\aicode\game307_studenttemplate\debug\kinematicsteeringoutput.obj
c:\users\nick\documents\github\aicode\game307_studenttemplate\debug\kinematicwander.obj
c:\users\nick\documents\github\aicode\game307_studenttemplate\debug\main.obj
c:\users\nick\documents\github\aicode\game307_studenttemplate\debug\mmath.obj
c:\users\nick\documents\github\aicode\game307_studenttemplate\debug\node.obj
c:\users\nick\documents\github\aicode\game307_studenttemplate\debug\playerbody.obj
c:\users\nick\documents\github\aicode\game307_studenttemplate\debug\playerinrangedecision.obj
c:\users\nick\documents\github\aicode\game307_studenttemplate\debug\scene1.obj
c:\users\nick\documents\github\aicode\game307_studenttemplate\debug\scene2.obj
c:\users\nick\documents\github\aicode\game307_studenttemplate\debug\seek.obj
c:\users\nick\documents\github\aicode\game307_studenttemplate\debug\staticbody.obj
c:\users\nick\documents\github\aicode\game307_studenttemplate\debug\steeringbehaviour.obj
c:\users\nick\documents\github\aicode\game307_studenttemplate\debug\steeringoutput.obj
c:\users\nick\documents\github\aicode\game307_studenttemplate\debug\tile.obj
c:\users\nick\documents\github\aicode\game307_studenttemplate\debug\timer.obj
c:\users\nick\documents\github\aicode\game307_studenttemplate\debug\vmath.obj
c:\users\nick\documents\github\aicode\game307_studenttemplate\debug\window.obj
c:\users\nick\documents\github\aicode\game307_studenttemplate\debug\scene2.obj.enc
c:\users\nick\documents\github\aicode\game307_studenttemplate\debug\game307_studenttemplate.ilk
c:\users\nick\documents\github\aicode\game307_studenttemplate\debug\vc143.idb
c:\users\nick\documents\github\aicode\game307_studenttemplate\debug\vc143.pdb
c:\users\nick\documents\github\aicode\game307_studenttemplate\debug\game307_.43aaaf36.tlog\cl.command.1.tlog
c:\users\nick\documents\github\aicode\game307_studenttemplate\debug\game307_.43aaaf36.tlog\cl.read.1.tlog
c:\users\nick\documents\github\aicode\game307_studenttemplate\debug\game307_.43aaaf36.tlog\cl.write.1.tlog
c:\users\nick\documents\github\aicode\game307_studenttemplate\debug\game307_.43aaaf36.tlog\link.command.1.tlog
c:\users\nick\documents\github\aicode\game307_studenttemplate\debug\game307_.43aaaf36.tlog\link.read.1.tlog
c:\users\nick\documents\github\aicode\game307_studenttemplate\debug\game307_.43aaaf36.tlog\link.write.1.tlog
